Determining if the pthread_create exist failed with the following output:
Change Dir: /home/mrinmoy/ariac_competition/ur10_moveit_ws/build/ur_msgs/CMakeFiles/CMakeTmp

Run Build Command:/usr/bin/make "cmTryCompileExec3126563468/fast"
/usr/bin/make -f CMakeFiles/cmTryCompileExec3126563468.dir/build.make CMakeFiles/cmTryCompileExec3126563468.dir/build
make[1]: Entering directory `/home/mrinmoy/ariac_competition/ur10_moveit_ws/build/ur_msgs/CMakeFiles/CMakeTmp'
/usr/bin/cmake -E cmake_progress_report /home/mrinmoy/ariac_competition/ur10_moveit_ws/build/ur_msgs/CMakeFiles/CMakeTmp/CMakeFiles 1
Building C object CMakeFiles/cmTryCompileExec3126563468.dir/CheckSymbolExists.c.o
/usr/bin/cc    -o CMakeFiles/cmTryCompileExec3126563468.dir/CheckSymbolExists.c.o   -c /home/mrinmoy/ariac_competition/ur10_moveit_ws/build/ur_msgs/CMakeFiles/CMakeTmp/CheckSymbolExists.c
Linking C executable cmTryCompileExec3126563468
/usr/bin/cmake -E cmake_link_script CMakeFiles/cmTryCompileExec3126563468.dir/link.txt --verbose=1
/usr/bin/cc       CMakeFiles/cmTryCompileExec3126563468.dir/CheckSymbolExists.c.o  -o cmTryCompileExec3126563468 -rdynamic 
CMakeFiles/cmTryCompileExec3126563468.dir/CheckSymbolExists.c.o: In function `main':
CheckSymbolExists.c:(.text+0x16): undefined reference to `pthread_create'
collect2: error: ld returned 1 exit status
make[1]: Leaving directory `/home/mrinmoy/ariac_competition/ur10_moveit_ws/build/ur_msgs/CMakeFiles/CMakeTmp'
make[1]: *** [cmTryCompileExec3126563468] Error 1
make: *** [cmTryCompileExec3126563468/fast] Error 2

File /home/mrinmoy/ariac_competition/ur10_moveit_ws/build/ur_msgs/CMakeFiles/CMakeTmp/CheckSymbolExists.c:
/* */
#include <pthread.h>

int main(int argc, char** argv)
{
  (void)argv;
#ifndef pthread_create
  return ((int*)(&pthread_create))[argc];
#else
  (void)argc;
  return 0;
#endif
}

Determining if the function pthread_create exists in the pthreads failed with the following output:
Change Dir: /home/mrinmoy/ariac_competition/ur10_moveit_ws/build/ur_msgs/CMakeFiles/CMakeTmp

Run Build Command:/usr/bin/make "cmTryCompileExec3644890869/fast"
/usr/bin/make -f CMakeFiles/cmTryCompileExec3644890869.dir/build.make CMakeFiles/cmTryCompileExec3644890869.dir/build
make[1]: Entering directory `/home/mrinmoy/ariac_competition/ur10_moveit_ws/build/ur_msgs/CMakeFiles/CMakeTmp'
/usr/bin/cmake -E cmake_progress_report /home/mrinmoy/ariac_competition/ur10_moveit_ws/build/ur_msgs/CMakeFiles/CMakeTmp/CMakeFiles 1
Building C object CMakeFiles/cmTryCompileExec3644890869.dir/CheckFunctionExists.c.o
/usr/bin/cc   -DCHECK_FUNCTION_EXISTS=pthread_create   -o CMakeFiles/cmTryCompileExec3644890869.dir/CheckFunctionExists.c.o   -c /usr/share/cmake-2.8/Modules/CheckFunctionExists.c
Linking C executable cmTryCompileExec3644890869
/usr/bin/cmake -E cmake_link_script CMakeFiles/cmTryCompileExec3644890869.dir/link.txt --verbose=1
/usr/bin/cc   -DCHECK_FUNCTION_EXISTS=pthread_create    CMakeFiles/cmTryCompileExec3644890869.dir/CheckFunctionExists.c.o  -o cmTryCompileExec3644890869 -rdynamic -lpthreads 
/usr/bin/ld: cannot find -lpthreads
collect2: error: ld returned 1 exit status
make[1]: Leaving directory `/home/mrinmoy/ariac_competition/ur10_moveit_ws/build/ur_msgs/CMakeFiles/CMakeTmp'
make[1]: *** [cmTryCompileExec3644890869] Error 1
make: *** [cmTryCompileExec3644890869/fast] Error 2


