Determining if the pthread_create exist failed with the following output:
Change Dir: /home/mrinmoy/ariac_competition/ur10_moveit_ws/build/ur3_moveit_config/CMakeFiles/CMakeTmp

Run Build Command:/usr/bin/make "cmTryCompileExec4088806516/fast"
/usr/bin/make -f CMakeFiles/cmTryCompileExec4088806516.dir/build.make CMakeFiles/cmTryCompileExec4088806516.dir/build
make[1]: Entering directory `/home/mrinmoy/ariac_competition/ur10_moveit_ws/build/ur3_moveit_config/CMakeFiles/CMakeTmp'
/usr/bin/cmake -E cmake_progress_report /home/mrinmoy/ariac_competition/ur10_moveit_ws/build/ur3_moveit_config/CMakeFiles/CMakeTmp/CMakeFiles 1
Building C object CMakeFiles/cmTryCompileExec4088806516.dir/CheckSymbolExists.c.o
/usr/bin/cc    -o CMakeFiles/cmTryCompileExec4088806516.dir/CheckSymbolExists.c.o   -c /home/mrinmoy/ariac_competition/ur10_moveit_ws/build/ur3_moveit_config/CMakeFiles/CMakeTmp/CheckSymbolExists.c
Linking C executable cmTryCompileExec4088806516
/usr/bin/cmake -E cmake_link_script CMakeFiles/cmTryCompileExec4088806516.dir/link.txt --verbose=1
/usr/bin/cc       CMakeFiles/cmTryCompileExec4088806516.dir/CheckSymbolExists.c.o  -o cmTryCompileExec4088806516 -rdynamic 
CMakeFiles/cmTryCompileExec4088806516.dir/CheckSymbolExists.c.o: In function `main':
CheckSymbolExists.c:(.text+0x16): undefined reference to `pthread_create'
make[1]: Leaving directory `/home/mrinmoy/ariac_competition/ur10_moveit_ws/build/ur3_moveit_config/CMakeFiles/CMakeTmp'
collect2: error: ld returned 1 exit status
make[1]: *** [cmTryCompileExec4088806516] Error 1
make: *** [cmTryCompileExec4088806516/fast] Error 2

File /home/mrinmoy/ariac_competition/ur10_moveit_ws/build/ur3_moveit_config/CMakeFiles/CMakeTmp/CheckSymbolExists.c:
/* */
#include <pthread.h>

int main(int argc, char** argv)
{
  (void)argv;
#ifndef pthread_create
  return ((int*)(&pthread_create))[argc];
#else
  (void)argc;
  return 0;
#endif
}

Determining if the function pthread_create exists in the pthreads failed with the following output:
Change Dir: /home/mrinmoy/ariac_competition/ur10_moveit_ws/build/ur3_moveit_config/CMakeFiles/CMakeTmp

Run Build Command:/usr/bin/make "cmTryCompileExec4024044763/fast"
/usr/bin/make -f CMakeFiles/cmTryCompileExec4024044763.dir/build.make CMakeFiles/cmTryCompileExec4024044763.dir/build
make[1]: Entering directory `/home/mrinmoy/ariac_competition/ur10_moveit_ws/build/ur3_moveit_config/CMakeFiles/CMakeTmp'
/usr/bin/cmake -E cmake_progress_report /home/mrinmoy/ariac_competition/ur10_moveit_ws/build/ur3_moveit_config/CMakeFiles/CMakeTmp/CMakeFiles 1
Building C object CMakeFiles/cmTryCompileExec4024044763.dir/CheckFunctionExists.c.o
/usr/bin/cc   -DCHECK_FUNCTION_EXISTS=pthread_create   -o CMakeFiles/cmTryCompileExec4024044763.dir/CheckFunctionExists.c.o   -c /usr/share/cmake-2.8/Modules/CheckFunctionExists.c
Linking C executable cmTryCompileExec4024044763
/usr/bin/cmake -E cmake_link_script CMakeFiles/cmTryCompileExec4024044763.dir/link.txt --verbose=1
/usr/bin/cc   -DCHECK_FUNCTION_EXISTS=pthread_create    CMakeFiles/cmTryCompileExec4024044763.dir/CheckFunctionExists.c.o  -o cmTryCompileExec4024044763 -rdynamic -lpthreads 
/usr/bin/ld: cannot find -lpthreads
collect2: error: ld returned 1 exit status
make[1]: Leaving directory `/home/mrinmoy/ariac_competition/ur10_moveit_ws/build/ur3_moveit_config/CMakeFiles/CMakeTmp'
make[1]: *** [cmTryCompileExec4024044763] Error 1
make: *** [cmTryCompileExec4024044763/fast] Error 2


