Determining if the pthread_create exist failed with the following output:
Change Dir: /home/mrinmoy/ariac_competition/ur10_moveit_ws/build/ur5_moveit_config/CMakeFiles/CMakeTmp

Run Build Command:/usr/bin/make "cmTryCompileExec968943969/fast"
/usr/bin/make -f CMakeFiles/cmTryCompileExec968943969.dir/build.make CMakeFiles/cmTryCompileExec968943969.dir/build
make[1]: Entering directory `/home/mrinmoy/ariac_competition/ur10_moveit_ws/build/ur5_moveit_config/CMakeFiles/CMakeTmp'
/usr/bin/cmake -E cmake_progress_report /home/mrinmoy/ariac_competition/ur10_moveit_ws/build/ur5_moveit_config/CMakeFiles/CMakeTmp/CMakeFiles 1
Building C object CMakeFiles/cmTryCompileExec968943969.dir/CheckSymbolExists.c.o
/usr/bin/cc    -o CMakeFiles/cmTryCompileExec968943969.dir/CheckSymbolExists.c.o   -c /home/mrinmoy/ariac_competition/ur10_moveit_ws/build/ur5_moveit_config/CMakeFiles/CMakeTmp/CheckSymbolExists.c
Linking C executable cmTryCompileExec968943969
/usr/bin/cmake -E cmake_link_script CMakeFiles/cmTryCompileExec968943969.dir/link.txt --verbose=1
/usr/bin/cc       CMakeFiles/cmTryCompileExec968943969.dir/CheckSymbolExists.c.o  -o cmTryCompileExec968943969 -rdynamic 
CMakeFiles/cmTryCompileExec968943969.dir/CheckSymbolExists.c.o: In function `main':
CheckSymbolExists.c:(.text+0x16): undefined reference to `pthread_create'
collect2: error: ld returned 1 exit status
make[1]: Leaving directory `/home/mrinmoy/ariac_competition/ur10_moveit_ws/build/ur5_moveit_config/CMakeFiles/CMakeTmp'
make[1]: *** [cmTryCompileExec968943969] Error 1
make: *** [cmTryCompileExec968943969/fast] Error 2

File /home/mrinmoy/ariac_competition/ur10_moveit_ws/build/ur5_moveit_config/CMakeFiles/CMakeTmp/CheckSymbolExists.c:
/* */
#include <pthread.h>

int main(int argc, char** argv)
{
  (void)argv;
#ifndef pthread_create
  return ((int*)(&pthread_create))[argc];
#else
  (void)argc;
  return 0;
#endif
}

Determining if the function pthread_create exists in the pthreads failed with the following output:
Change Dir: /home/mrinmoy/ariac_competition/ur10_moveit_ws/build/ur5_moveit_config/CMakeFiles/CMakeTmp

Run Build Command:/usr/bin/make "cmTryCompileExec87760558/fast"
/usr/bin/make -f CMakeFiles/cmTryCompileExec87760558.dir/build.make CMakeFiles/cmTryCompileExec87760558.dir/build
make[1]: Entering directory `/home/mrinmoy/ariac_competition/ur10_moveit_ws/build/ur5_moveit_config/CMakeFiles/CMakeTmp'
/usr/bin/cmake -E cmake_progress_report /home/mrinmoy/ariac_competition/ur10_moveit_ws/build/ur5_moveit_config/CMakeFiles/CMakeTmp/CMakeFiles 1
Building C object CMakeFiles/cmTryCompileExec87760558.dir/CheckFunctionExists.c.o
/usr/bin/cc   -DCHECK_FUNCTION_EXISTS=pthread_create   -o CMakeFiles/cmTryCompileExec87760558.dir/CheckFunctionExists.c.o   -c /usr/share/cmake-2.8/Modules/CheckFunctionExists.c
Linking C executable cmTryCompileExec87760558
/usr/bin/cmake -E cmake_link_script CMakeFiles/cmTryCompileExec87760558.dir/link.txt --verbose=1
/usr/bin/cc   -DCHECK_FUNCTION_EXISTS=pthread_create    CMakeFiles/cmTryCompileExec87760558.dir/CheckFunctionExists.c.o  -o cmTryCompileExec87760558 -rdynamic -lpthreads 
/usr/bin/ld: cannot find -lpthreads
collect2: error: ld returned 1 exit status
make[1]: Leaving directory `/home/mrinmoy/ariac_competition/ur10_moveit_ws/build/ur5_moveit_config/CMakeFiles/CMakeTmp'
make[1]: *** [cmTryCompileExec87760558] Error 1
make: *** [cmTryCompileExec87760558/fast] Error 2


