Determining if the pthread_create exist failed with the following output:
Change Dir: /home/mrinmoy/ariac_competition/ur10_moveit_ws/build/ur_description/CMakeFiles/CMakeTmp

Run Build Command:/usr/bin/make "cmTryCompileExec2546897649/fast"
/usr/bin/make -f CMakeFiles/cmTryCompileExec2546897649.dir/build.make CMakeFiles/cmTryCompileExec2546897649.dir/build
make[1]: Entering directory `/home/mrinmoy/ariac_competition/ur10_moveit_ws/build/ur_description/CMakeFiles/CMakeTmp'
/usr/bin/cmake -E cmake_progress_report /home/mrinmoy/ariac_competition/ur10_moveit_ws/build/ur_description/CMakeFiles/CMakeTmp/CMakeFiles 1
Building C object CMakeFiles/cmTryCompileExec2546897649.dir/CheckSymbolExists.c.o
/usr/bin/cc    -o CMakeFiles/cmTryCompileExec2546897649.dir/CheckSymbolExists.c.o   -c /home/mrinmoy/ariac_competition/ur10_moveit_ws/build/ur_description/CMakeFiles/CMakeTmp/CheckSymbolExists.c
Linking C executable cmTryCompileExec2546897649
/usr/bin/cmake -E cmake_link_script CMakeFiles/cmTryCompileExec2546897649.dir/link.txt --verbose=1
/usr/bin/cc       CMakeFiles/cmTryCompileExec2546897649.dir/CheckSymbolExists.c.o  -o cmTryCompileExec2546897649 -rdynamic 
CMakeFiles/cmTryCompileExec2546897649.dir/CheckSymbolExists.c.o: In function `main':
CheckSymbolExists.c:(.text+0x16): undefined reference to `pthread_create'
collect2: error: ld returned 1 exit status
make[1]: Leaving directory `/home/mrinmoy/ariac_competition/ur10_moveit_ws/build/ur_description/CMakeFiles/CMakeTmp'
make[1]: *** [cmTryCompileExec2546897649] Error 1
make: *** [cmTryCompileExec2546897649/fast] Error 2

File /home/mrinmoy/ariac_competition/ur10_moveit_ws/build/ur_description/CMakeFiles/CMakeTmp/CheckSymbolExists.c:
/* */
#include <pthread.h>

int main(int argc, char** argv)
{
  (void)argv;
#ifndef pthread_create
  return ((int*)(&pthread_create))[argc];
#else
  (void)argc;
  return 0;
#endif
}

Determining if the function pthread_create exists in the pthreads failed with the following output:
Change Dir: /home/mrinmoy/ariac_competition/ur10_moveit_ws/build/ur_description/CMakeFiles/CMakeTmp

Run Build Command:/usr/bin/make "cmTryCompileExec48433361/fast"
/usr/bin/make -f CMakeFiles/cmTryCompileExec48433361.dir/build.make CMakeFiles/cmTryCompileExec48433361.dir/build
make[1]: Entering directory `/home/mrinmoy/ariac_competition/ur10_moveit_ws/build/ur_description/CMakeFiles/CMakeTmp'
/usr/bin/cmake -E cmake_progress_report /home/mrinmoy/ariac_competition/ur10_moveit_ws/build/ur_description/CMakeFiles/CMakeTmp/CMakeFiles 1
Building C object CMakeFiles/cmTryCompileExec48433361.dir/CheckFunctionExists.c.o
/usr/bin/cc   -DCHECK_FUNCTION_EXISTS=pthread_create   -o CMakeFiles/cmTryCompileExec48433361.dir/CheckFunctionExists.c.o   -c /usr/share/cmake-2.8/Modules/CheckFunctionExists.c
Linking C executable cmTryCompileExec48433361
/usr/bin/cmake -E cmake_link_script CMakeFiles/cmTryCompileExec48433361.dir/link.txt --verbose=1
/usr/bin/cc   -DCHECK_FUNCTION_EXISTS=pthread_create    CMakeFiles/cmTryCompileExec48433361.dir/CheckFunctionExists.c.o  -o cmTryCompileExec48433361 -rdynamic -lpthreads 
/usr/bin/ld: cannot find -lpthreads
collect2: error: ld returned 1 exit status
make[1]: Leaving directory `/home/mrinmoy/ariac_competition/ur10_moveit_ws/build/ur_description/CMakeFiles/CMakeTmp'
make[1]: *** [cmTryCompileExec48433361] Error 1
make: *** [cmTryCompileExec48433361/fast] Error 2


