Determining if the pthread_create exist failed with the following output:
Change Dir: /home/mrinmoy/ariac_competition/ur10_moveit_ws/build/ur_driver/CMakeFiles/CMakeTmp

Run Build Command:/usr/bin/make "cmTryCompileExec3985020344/fast"
/usr/bin/make -f CMakeFiles/cmTryCompileExec3985020344.dir/build.make CMakeFiles/cmTryCompileExec3985020344.dir/build
make[1]: Entering directory `/home/mrinmoy/ariac_competition/ur10_moveit_ws/build/ur_driver/CMakeFiles/CMakeTmp'
/usr/bin/cmake -E cmake_progress_report /home/mrinmoy/ariac_competition/ur10_moveit_ws/build/ur_driver/CMakeFiles/CMakeTmp/CMakeFiles 1
Building C object CMakeFiles/cmTryCompileExec3985020344.dir/CheckSymbolExists.c.o
/usr/bin/cc    -o CMakeFiles/cmTryCompileExec3985020344.dir/CheckSymbolExists.c.o   -c /home/mrinmoy/ariac_competition/ur10_moveit_ws/build/ur_driver/CMakeFiles/CMakeTmp/CheckSymbolExists.c
Linking C executable cmTryCompileExec3985020344
/usr/bin/cmake -E cmake_link_script CMakeFiles/cmTryCompileExec3985020344.dir/link.txt --verbose=1
/usr/bin/cc       CMakeFiles/cmTryCompileExec3985020344.dir/CheckSymbolExists.c.o  -o cmTryCompileExec3985020344 -rdynamic 
CMakeFiles/cmTryCompileExec3985020344.dir/CheckSymbolExists.c.o: In function `main':
CheckSymbolExists.c:(.text+0x16): undefined reference to `pthread_create'
collect2: error: ld returned 1 exit status
make[1]: *** [cmTryCompileExec3985020344] Error 1
make[1]: Leaving directory `/home/mrinmoy/ariac_competition/ur10_moveit_ws/build/ur_driver/CMakeFiles/CMakeTmp'
make: *** [cmTryCompileExec3985020344/fast] Error 2

File /home/mrinmoy/ariac_competition/ur10_moveit_ws/build/ur_driver/CMakeFiles/CMakeTmp/CheckSymbolExists.c:
/* */
#include <pthread.h>

int main(int argc, char** argv)
{
  (void)argv;
#ifndef pthread_create
  return ((int*)(&pthread_create))[argc];
#else
  (void)argc;
  return 0;
#endif
}

Determining if the function pthread_create exists in the pthreads failed with the following output:
Change Dir: /home/mrinmoy/ariac_competition/ur10_moveit_ws/build/ur_driver/CMakeFiles/CMakeTmp

Run Build Command:/usr/bin/make "cmTryCompileExec2502628538/fast"
/usr/bin/make -f CMakeFiles/cmTryCompileExec2502628538.dir/build.make CMakeFiles/cmTryCompileExec2502628538.dir/build
make[1]: Entering directory `/home/mrinmoy/ariac_competition/ur10_moveit_ws/build/ur_driver/CMakeFiles/CMakeTmp'
/usr/bin/cmake -E cmake_progress_report /home/mrinmoy/ariac_competition/ur10_moveit_ws/build/ur_driver/CMakeFiles/CMakeTmp/CMakeFiles 1
Building C object CMakeFiles/cmTryCompileExec2502628538.dir/CheckFunctionExists.c.o
/usr/bin/cc   -DCHECK_FUNCTION_EXISTS=pthread_create   -o CMakeFiles/cmTryCompileExec2502628538.dir/CheckFunctionExists.c.o   -c /usr/share/cmake-2.8/Modules/CheckFunctionExists.c
Linking C executable cmTryCompileExec2502628538
/usr/bin/cmake -E cmake_link_script CMakeFiles/cmTryCompileExec2502628538.dir/link.txt --verbose=1
/usr/bin/cc   -DCHECK_FUNCTION_EXISTS=pthread_create    CMakeFiles/cmTryCompileExec2502628538.dir/CheckFunctionExists.c.o  -o cmTryCompileExec2502628538 -rdynamic -lpthreads 
/usr/bin/ld: cannot find -lpthreads
collect2: error: ld returned 1 exit status
make[1]: Leaving directory `/home/mrinmoy/ariac_competition/ur10_moveit_ws/build/ur_driver/CMakeFiles/CMakeTmp'
make[1]: *** [cmTryCompileExec2502628538] Error 1
make: *** [cmTryCompileExec2502628538/fast] Error 2


