Determining if the pthread_create exist failed with the following output:
Change Dir: /home/mrinmoysarkar/ariac_competition/ariac_competition/ariac_ws/build/catkin_tools_prebuild/CMakeFiles/CMakeTmp

Run Build Command:/usr/bin/make "cmTryCompileExec3351592262/fast"
/usr/bin/make -f CMakeFiles/cmTryCompileExec3351592262.dir/build.make CMakeFiles/cmTryCompileExec3351592262.dir/build
make[1]: Entering directory `/home/mrinmoysarkar/ariac_competition/ariac_competition/ariac_ws/build/catkin_tools_prebuild/CMakeFiles/CMakeTmp'
/usr/bin/cmake -E cmake_progress_report /home/mrinmoysarkar/ariac_competition/ariac_competition/ariac_ws/build/catkin_tools_prebuild/CMakeFiles/CMakeTmp/CMakeFiles 1
Building C object CMakeFiles/cmTryCompileExec3351592262.dir/CheckSymbolExists.c.o
/usr/bin/cc    -o CMakeFiles/cmTryCompileExec3351592262.dir/CheckSymbolExists.c.o   -c /home/mrinmoysarkar/ariac_competition/ariac_competition/ariac_ws/build/catkin_tools_prebuild/CMakeFiles/CMakeTmp/CheckSymbolExists.c
Linking C executable cmTryCompileExec3351592262
/usr/bin/cmake -E cmake_link_script CMakeFiles/cmTryCompileExec3351592262.dir/link.txt --verbose=1
/usr/bin/cc       CMakeFiles/cmTryCompileExec3351592262.dir/CheckSymbolExists.c.o  -o cmTryCompileExec3351592262 -rdynamic 
CMakeFiles/cmTryCompileExec3351592262.dir/CheckSymbolExists.c.o: In function `main':
CheckSymbolExists.c:(.text+0x16): undefined reference to `pthread_create'
collect2: error: ld returned 1 exit status
make[1]: Leaving directory `/home/mrinmoysarkar/ariac_competition/ariac_competition/ariac_ws/build/catkin_tools_prebuild/CMakeFiles/CMakeTmp'
make[1]: *** [cmTryCompileExec3351592262] Error 1
make: *** [cmTryCompileExec3351592262/fast] Error 2

File /home/mrinmoysarkar/ariac_competition/ariac_competition/ariac_ws/build/catkin_tools_prebuild/CMakeFiles/CMakeTmp/CheckSymbolExists.c:
/* */
#include <pthread.h>

int main(int argc, char** argv)
{
  (void)argv;
#ifndef pthread_create
  return ((int*)(&pthread_create))[argc];
#else
  (void)argc;
  return 0;
#endif
}

Determining if the function pthread_create exists in the pthreads failed with the following output:
Change Dir: /home/mrinmoysarkar/ariac_competition/ariac_competition/ariac_ws/build/catkin_tools_prebuild/CMakeFiles/CMakeTmp

Run Build Command:/usr/bin/make "cmTryCompileExec604079014/fast"
/usr/bin/make -f CMakeFiles/cmTryCompileExec604079014.dir/build.make CMakeFiles/cmTryCompileExec604079014.dir/build
make[1]: Entering directory `/home/mrinmoysarkar/ariac_competition/ariac_competition/ariac_ws/build/catkin_tools_prebuild/CMakeFiles/CMakeTmp'
/usr/bin/cmake -E cmake_progress_report /home/mrinmoysarkar/ariac_competition/ariac_competition/ariac_ws/build/catkin_tools_prebuild/CMakeFiles/CMakeTmp/CMakeFiles 1
Building C object CMakeFiles/cmTryCompileExec604079014.dir/CheckFunctionExists.c.o
/usr/bin/cc   -DCHECK_FUNCTION_EXISTS=pthread_create   -o CMakeFiles/cmTryCompileExec604079014.dir/CheckFunctionExists.c.o   -c /usr/share/cmake-2.8/Modules/CheckFunctionExists.c
Linking C executable cmTryCompileExec604079014
/usr/bin/cmake -E cmake_link_script CMakeFiles/cmTryCompileExec604079014.dir/link.txt --verbose=1
/usr/bin/cc   -DCHECK_FUNCTION_EXISTS=pthread_create    CMakeFiles/cmTryCompileExec604079014.dir/CheckFunctionExists.c.o  -o cmTryCompileExec604079014 -rdynamic -lpthreads 
/usr/bin/ld: cannot find -lpthreads
collect2: error: ld returned 1 exit status
make[1]: Leaving directory `/home/mrinmoysarkar/ariac_competition/ariac_competition/ariac_ws/build/catkin_tools_prebuild/CMakeFiles/CMakeTmp'
make[1]: *** [cmTryCompileExec604079014] Error 1
make: *** [cmTryCompileExec604079014/fast] Error 2


