Determining if the pthread_create exist failed with the following output:
Change Dir: /home/mrinmoy/ariac_competition/ur10_moveit_ws/build/ur_kinematics/CMakeFiles/CMakeTmp

Run Build Command:/usr/bin/make "cmTryCompileExec690195572/fast"
/usr/bin/make -f CMakeFiles/cmTryCompileExec690195572.dir/build.make CMakeFiles/cmTryCompileExec690195572.dir/build
make[1]: Entering directory `/home/mrinmoy/ariac_competition/ur10_moveit_ws/build/ur_kinematics/CMakeFiles/CMakeTmp'
/usr/bin/cmake -E cmake_progress_report /home/mrinmoy/ariac_competition/ur10_moveit_ws/build/ur_kinematics/CMakeFiles/CMakeTmp/CMakeFiles 1
Building C object CMakeFiles/cmTryCompileExec690195572.dir/CheckSymbolExists.c.o
/usr/bin/cc    -o CMakeFiles/cmTryCompileExec690195572.dir/CheckSymbolExists.c.o   -c /home/mrinmoy/ariac_competition/ur10_moveit_ws/build/ur_kinematics/CMakeFiles/CMakeTmp/CheckSymbolExists.c
Linking C executable cmTryCompileExec690195572
/usr/bin/cmake -E cmake_link_script CMakeFiles/cmTryCompileExec690195572.dir/link.txt --verbose=1
/usr/bin/cc       CMakeFiles/cmTryCompileExec690195572.dir/CheckSymbolExists.c.o  -o cmTryCompileExec690195572 -rdynamic 
make[1]: Leaving directory `/home/mrinmoy/ariac_competition/ur10_moveit_ws/build/ur_kinematics/CMakeFiles/CMakeTmp'
CMakeFiles/cmTryCompileExec690195572.dir/CheckSymbolExists.c.o: In function `main':
CheckSymbolExists.c:(.text+0x16): undefined reference to `pthread_create'
collect2: error: ld returned 1 exit status
make[1]: *** [cmTryCompileExec690195572] Error 1
make: *** [cmTryCompileExec690195572/fast] Error 2

File /home/mrinmoy/ariac_competition/ur10_moveit_ws/build/ur_kinematics/CMakeFiles/CMakeTmp/CheckSymbolExists.c:
/* */
#include <pthread.h>

int main(int argc, char** argv)
{
  (void)argv;
#ifndef pthread_create
  return ((int*)(&pthread_create))[argc];
#else
  (void)argc;
  return 0;
#endif
}

Determining if the function pthread_create exists in the pthreads failed with the following output:
Change Dir: /home/mrinmoy/ariac_competition/ur10_moveit_ws/build/ur_kinematics/CMakeFiles/CMakeTmp

Run Build Command:/usr/bin/make "cmTryCompileExec1365088034/fast"
/usr/bin/make -f CMakeFiles/cmTryCompileExec1365088034.dir/build.make CMakeFiles/cmTryCompileExec1365088034.dir/build
make[1]: Entering directory `/home/mrinmoy/ariac_competition/ur10_moveit_ws/build/ur_kinematics/CMakeFiles/CMakeTmp'
/usr/bin/cmake -E cmake_progress_report /home/mrinmoy/ariac_competition/ur10_moveit_ws/build/ur_kinematics/CMakeFiles/CMakeTmp/CMakeFiles 1
Building C object CMakeFiles/cmTryCompileExec1365088034.dir/CheckFunctionExists.c.o
/usr/bin/cc   -DCHECK_FUNCTION_EXISTS=pthread_create   -o CMakeFiles/cmTryCompileExec1365088034.dir/CheckFunctionExists.c.o   -c /usr/share/cmake-2.8/Modules/CheckFunctionExists.c
Linking C executable cmTryCompileExec1365088034
/usr/bin/cmake -E cmake_link_script CMakeFiles/cmTryCompileExec1365088034.dir/link.txt --verbose=1
/usr/bin/cc   -DCHECK_FUNCTION_EXISTS=pthread_create    CMakeFiles/cmTryCompileExec1365088034.dir/CheckFunctionExists.c.o  -o cmTryCompileExec1365088034 -rdynamic -lpthreads 
/usr/bin/ld: cannot find -lpthreads
collect2: error: ld returned 1 exit status
make[1]: *** [cmTryCompileExec1365088034] Error 1
make[1]: Leaving directory `/home/mrinmoy/ariac_competition/ur10_moveit_ws/build/ur_kinematics/CMakeFiles/CMakeTmp'
make: *** [cmTryCompileExec1365088034/fast] Error 2


