Determining if the pthread_create exist failed with the following output:
Change Dir: /home/mrinmoy/ariac_competition/ur10_moveit_ws/build/ur_gazebo/CMakeFiles/CMakeTmp

Run Build Command:/usr/bin/make "cmTryCompileExec1128985114/fast"
/usr/bin/make -f CMakeFiles/cmTryCompileExec1128985114.dir/build.make CMakeFiles/cmTryCompileExec1128985114.dir/build
make[1]: Entering directory `/home/mrinmoy/ariac_competition/ur10_moveit_ws/build/ur_gazebo/CMakeFiles/CMakeTmp'
/usr/bin/cmake -E cmake_progress_report /home/mrinmoy/ariac_competition/ur10_moveit_ws/build/ur_gazebo/CMakeFiles/CMakeTmp/CMakeFiles 1
Building C object CMakeFiles/cmTryCompileExec1128985114.dir/CheckSymbolExists.c.o
/usr/bin/cc    -o CMakeFiles/cmTryCompileExec1128985114.dir/CheckSymbolExists.c.o   -c /home/mrinmoy/ariac_competition/ur10_moveit_ws/build/ur_gazebo/CMakeFiles/CMakeTmp/CheckSymbolExists.c
Linking C executable cmTryCompileExec1128985114
/usr/bin/cmake -E cmake_link_script CMakeFiles/cmTryCompileExec1128985114.dir/link.txt --verbose=1
/usr/bin/cc       CMakeFiles/cmTryCompileExec1128985114.dir/CheckSymbolExists.c.o  -o cmTryCompileExec1128985114 -rdynamic 
CMakeFiles/cmTryCompileExec1128985114.dir/CheckSymbolExists.c.o: In function `main':
CheckSymbolExists.c:(.text+0x16): undefined reference to `pthread_create'
collect2: error: ld returned 1 exit status
make[1]: Leaving directory `/home/mrinmoy/ariac_competition/ur10_moveit_ws/build/ur_gazebo/CMakeFiles/CMakeTmp'
make[1]: *** [cmTryCompileExec1128985114] Error 1
make: *** [cmTryCompileExec1128985114/fast] Error 2

File /home/mrinmoy/ariac_competition/ur10_moveit_ws/build/ur_gazebo/CMakeFiles/CMakeTmp/CheckSymbolExists.c:
/* */
#include <pthread.h>

int main(int argc, char** argv)
{
  (void)argv;
#ifndef pthread_create
  return ((int*)(&pthread_create))[argc];
#else
  (void)argc;
  return 0;
#endif
}

Determining if the function pthread_create exists in the pthreads failed with the following output:
Change Dir: /home/mrinmoy/ariac_competition/ur10_moveit_ws/build/ur_gazebo/CMakeFiles/CMakeTmp

Run Build Command:/usr/bin/make "cmTryCompileExec2756921489/fast"
/usr/bin/make -f CMakeFiles/cmTryCompileExec2756921489.dir/build.make CMakeFiles/cmTryCompileExec2756921489.dir/build
make[1]: Entering directory `/home/mrinmoy/ariac_competition/ur10_moveit_ws/build/ur_gazebo/CMakeFiles/CMakeTmp'
/usr/bin/cmake -E cmake_progress_report /home/mrinmoy/ariac_competition/ur10_moveit_ws/build/ur_gazebo/CMakeFiles/CMakeTmp/CMakeFiles 1
Building C object CMakeFiles/cmTryCompileExec2756921489.dir/CheckFunctionExists.c.o
/usr/bin/cc   -DCHECK_FUNCTION_EXISTS=pthread_create   -o CMakeFiles/cmTryCompileExec2756921489.dir/CheckFunctionExists.c.o   -c /usr/share/cmake-2.8/Modules/CheckFunctionExists.c
Linking C executable cmTryCompileExec2756921489
/usr/bin/cmake -E cmake_link_script CMakeFiles/cmTryCompileExec2756921489.dir/link.txt --verbose=1
/usr/bin/cc   -DCHECK_FUNCTION_EXISTS=pthread_create    CMakeFiles/cmTryCompileExec2756921489.dir/CheckFunctionExists.c.o  -o cmTryCompileExec2756921489 -rdynamic -lpthreads 
/usr/bin/ld: cannot find -lpthreads
collect2: error: ld returned 1 exit status
make[1]: Leaving directory `/home/mrinmoy/ariac_competition/ur10_moveit_ws/build/ur_gazebo/CMakeFiles/CMakeTmp'
make[1]: *** [cmTryCompileExec2756921489] Error 1
make: *** [cmTryCompileExec2756921489/fast] Error 2


